<?xml version="1.0" encoding="UTF-8"?>
<testsuite xmlns:xsi="http://www.w3.org/2001/XMLSchema-instance" xsi:noNamespaceSchemaLocation="https://maven.apache.org/surefire/maven-surefire-plugin/xsd/surefire-test-report.xsd" name="nl.oose.dea.corine.dao.PlaylistDaoTest" time="0.659" tests="8" errors="0" skipped="0" failures="0">
  <properties>
[...]
</properties>
  <testcase name="addPlaylistExeptionTest" classname="nl.oose.dea.corine.dao.PlaylistDaoTest" time="0.613"/>
  <testcase name="addPlaylistTest" classname="nl.oose.dea.corine.dao.PlaylistDaoTest" time="0.007"/>
  <testcase name="getAllPlaylistsTest" classname="nl.oose.dea.corine.dao.PlaylistDaoTest" time="0.01"/>
  <testcase name="deletePlaylistTest" classname="nl.oose.dea.corine.dao.PlaylistDaoTest" time="0.003"/>
  <testcase name="editPlaylistTest" classname="nl.oose.dea.corine.dao.PlaylistDaoTest" time="0.004"/>
  <testcase name="editPlaylistExeptionTest" classname="nl.oose.dea.corine.dao.PlaylistDaoTest" time="0.007"/>
  <testcase name="getAllPlaylistsExeptionTest" classname="nl.oose.dea.corine.dao.PlaylistDaoTest" time="0.003"/>
  <testcase name="deletePlaylistExeptionTest" classname="nl.oose.dea.corine.dao.PlaylistDaoTest" time="0.005"/>
</testsuite>